<?xml version="1.0" encoding="UTF-8"?>
<testng-results skipped="0" failed="0" ignored="0" total="1" passed="1">
  <reporter-output>
  </reporter-output>
  <suite name="Default suite" duration-ms="87045" started-at="2022-02-07T03:21:33 EET" finished-at="2022-02-07T03:23:00 EET">
    <groups>
    </groups>
    <test name="Default test" duration-ms="87045" started-at="2022-02-07T03:21:33 EET" finished-at="2022-02-07T03:23:00 EET">
      <class name="musalaAutomationTestcases.TestCase4">
        <test-method status="PASS" signature="startDriver()[pri:0, instance:musalaAutomationTestcases.TestCase4@33c7e1bb]" name="startDriver" is-config="true" duration-ms="50519" started-at="2022-02-07T03:21:33 EET" finished-at="2022-02-07T03:22:23 EET">
          <reporter-output>
          </reporter-output>
        </test-method> <!-- startDriver -->
        <test-method status="PASS" signature="checkPositionsByCityTestcase()[pri:0, instance:musalaAutomationTestcases.TestCase4@33c7e1bb]" name="checkPositionsByCityTestcase" duration-ms="36465" started-at="2022-02-07T03:22:23 EET" finished-at="2022-02-07T03:23:00 EET">
          <reporter-output>
          </reporter-output>
        </test-method> <!-- checkPositionsByCityTestcase -->
        <test-method status="PASS" signature="closeDriver()[pri:0, instance:musalaAutomationTestcases.TestCase4@33c7e1bb]" name="closeDriver" is-config="true" duration-ms="0" started-at="2022-02-07T03:23:00 EET" finished-at="2022-02-07T03:23:00 EET">
          <reporter-output>
          </reporter-output>
        </test-method> <!-- closeDriver -->
      </class> <!-- musalaAutomationTestcases.TestCase4 -->
    </test> <!-- Default test -->
  </suite> <!-- Default suite -->
</testng-results>
